#
# A fatal error has been detected by the Java Runtime Environment:
#
#  EXCEPTION_IN_PAGE_ERROR (0xc0000006) at pc=0x00007ffae71d1699, pid=7580, tid=16288
#
# JRE version:  (13.0.1+9) (build )
# Java VM: Java HotSpot(TM) 64-Bit Server VM (13.0.1+9, mixed mode, aot, sharing, tiered, compressed oops, g1 gc, windows-amd64)
# Problematic frame:
# C  [VCRUNTIME140.dll+0x1699]
#
# No core dump will be written. Minidumps are not enabled by default on client versions of Windows
#
# If you would like to submit a bug report, please visit:
#   http://bugreport.java.com/bugreport/crash.jsp
#

---------------  S U M M A R Y ------------

Command Line: -Dfile.encoding=UTF-8 com.thoughtworks.gauge.GaugeRuntime

Host: Intel(R) Core(TM) i7-6700HQ CPU @ 2.60GHz, 8 cores, 15G,  Windows 10 , 64 bit Build 17134 (10.0.17134.753)
Time: Wed Jan 22 22:26:46 2020 Türkiye Standart Saati elapsed time: 0 seconds (0d 0h 0m 0s)

---------------  T H R E A D  ---------------

Current thread is native thread

Stack: [0x000000ac5e600000,0x000000ac5e700000],  sp=0x000000ac5e6ff1e0,  free space=1020k
Native frames: (J=compiled Java code, j=interpreted, Vv=VM code, C=native code)
C  [VCRUNTIME140.dll+0x1699]
V  [jvm.dll+0x6514d1]
V  [jvm.dll+0x6502c7]
V  [jvm.dll+0x64fe6e]
V  [jvm.dll+0x3638c2]
V  [jvm.dll+0x732bf3]
V  [jvm.dll+0x3ce2ef]
V  [jvm.dll+0x3d0611]
C  [jli.dll+0x51ff]
C  [ucrtbase.dll+0x1e3fe]
C  [KERNEL32.DLL+0x14034]
C  [ntdll.dll+0x73691]


siginfo: EXCEPTION_IN_PAGE_ERROR (0xc0000006), writing address 0x0000021426030000


Registers:
RAX=0x0000000000000000, RBX=0x0000021426030000, RCX=0x0000000000010000, RDX=0x0000000000000000
RSP=0x000000ac5e6ff1e0, RBP=0x000002142815a180, RSI=0x000002142605c480, RDI=0x0000021426030000
R8 =0x0000000000010000, R9 =0x0000000000000000, R10=0x0000000000000000, R11=0x0000021426030000
R12=0x0000000000000000, R13=0x00007ffaa4a1c240, R14=0x000002142605ed50, R15=0x0000000000010000
RIP=0x00007ffae71d1699, EFLAGS=0x0000000000010203

Top of Stack: (sp=0x000000ac5e6ff1e0)
0x000000ac5e6ff1e0:   0000000000000000 00007ffaa47914d1
0x000000ac5e6ff1f0:   000002142815a180 0000021400000000
0x000000ac5e6ff200:   000002142605c480 000002142815a180
0x000000ac5e6ff210:   0000000000010000 000000ac5e6ff234
0x000000ac5e6ff220:   000000ac5e6ff4c0 0000000000000104
0x000000ac5e6ff230:   03e706ff00000101 0000021400000103
0x000000ac5e6ff240:   000002142815a184 00000214000000ff
0x000000ac5e6ff250:   0000000000000001 0000000000000006
0x000000ac5e6ff260:   000000000000000d 0000000000000000
0x000000ac5e6ff270:   0000000000000000 0000000000000090
0x000000ac5e6ff280:   0000000000002000 0000021426040000
0x000000ac5e6ff290:   0000021428158170 00007ffaefc12524
0x000000ac5e6ff2a0:   7ad31665005c3a43 00007ffaefc0ec14
0x000000ac5e6ff2b0:   0000021428158170 00000000000000c2
0x000000ac5e6ff2c0:   0000021425f80000 00007ffaefd4a460
0x000000ac5e6ff2d0:   0000021426074230 000000000000000f 

Instructions: (pc=0x00007ffae71d1699)
0x00007ffae71d1599:   ff ff 0f 1f 44 00 00 49 03 c8 0f 10 44 11 f0 48
0x00007ffae71d15a9:   83 e9 10 49 83 e8 10 f6 c1 0f 74 17 48 8b c1 48
0x00007ffae71d15b9:   83 e1 f0 0f 10 c8 0f 10 04 11 0f 11 08 4c 8b c1
0x00007ffae71d15c9:   4d 2b c3 4d 8b c8 49 c1 e9 07 74 68 0f 29 01 eb
0x00007ffae71d15d9:   0d 66 0f 1f 44 00 00 0f 29 41 10 0f 29 09 0f 10
0x00007ffae71d15e9:   44 11 f0 0f 10 4c 11 e0 48 81 e9 80 00 00 00 0f
0x00007ffae71d15f9:   29 41 70 0f 29 49 60 0f 10 44 11 50 0f 10 4c 11
0x00007ffae71d1609:   40 49 ff c9 0f 29 41 50 0f 29 49 40 0f 10 44 11
0x00007ffae71d1619:   30 0f 10 4c 11 20 0f 29 41 30 0f 29 49 20 0f 10
0x00007ffae71d1629:   44 11 10 0f 10 0c 11 75 ae 0f 29 41 10 49 83 e0
0x00007ffae71d1639:   7f 0f 28 c1 4d 8b c8 49 c1 e9 04 74 1a 66 66 0f
0x00007ffae71d1649:   1f 84 00 00 00 00 00 0f 11 01 48 83 e9 10 0f 10
0x00007ffae71d1659:   04 11 49 ff c9 75 f0 49 83 e0 0f 74 08 41 0f 10
0x00007ffae71d1669:   0a 41 0f 11 0b 0f 11 01 49 8b c3 c3 cc cc cc cc
0x00007ffae71d1679:   cc cc cc cc cc cc cc cc cc cc cc cc cc 66 66 0f
0x00007ffae71d1689:   1f 84 00 00 00 00 00 57 8b c2 48 8b f9 49 8b c8
0x00007ffae71d1699:   f3 aa 49 8b c3 5f c3 cc cc cc cc cc cc 66 66 0f
0x00007ffae71d16a9:   1f 84 00 00 00 00 00 4c 8b d9 0f b6 d2 49 b9 01
0x00007ffae71d16b9:   01 01 01 01 01 01 01 4c 0f af ca 49 83 f8 10 0f
0x00007ffae71d16c9:   86 f2 00 00 00 66 49 0f 6e c1 66 0f 60 c0 49 81
0x00007ffae71d16d9:   f8 80 00 00 00 77 10 0f ba 25 c4 fc 00 00 02 0f
0x00007ffae71d16e9:   83 62 00 00 00 eb a0 0f ba 25 b4 fc 00 00 01 72
0x00007ffae71d16f9:   96 0f 11 01 4c 03 c1 48 83 c1 10 48 83 e1 f0 4c
0x00007ffae71d1709:   2b c1 4d 8b c8 49 c1 e9 07 74 3c 66 66 66 66 0f
0x00007ffae71d1719:   1f 84 00 00 00 00 00 0f 29 01 0f 29 41 10 48 81
0x00007ffae71d1729:   c1 80 00 00 00 0f 29 41 a0 0f 29 41 b0 49 ff c9
0x00007ffae71d1739:   0f 29 41 c0 0f 29 41 d0 0f 29 41 e0 66 0f 29 41
0x00007ffae71d1749:   f0 75 d4 49 83 e0 7f 4d 8b c8 49 c1 e9 04 74 13
0x00007ffae71d1759:   0f 1f 80 00 00 00 00 0f 11 01 48 83 c1 10 49 ff
0x00007ffae71d1769:   c9 75 f4 49 83 e0 0f 74 06 42 0f 11 44 01 f0 49
0x00007ffae71d1779:   8b c3 c3 ee 17 00 00 eb 17 00 00 17 18 00 00 e7
0x00007ffae71d1789:   17 00 00 f4 17 00 00 04 18 00 00 14 18 00 00 e4 



---------------  P R O C E S S  ---------------

VM state:not at safepoint (not fully initialized)

VM Mutex/Monitor currently owned by a thread: None


[error occurred during error reporting (printing compressed oops mode), id 0xc0000005, EXCEPTION_ACCESS_VIOLATION (0xc0000005) at pc=0x00007ffaa4363d77]

Deoptimization events (0 events):
No events

Classes unloaded (0 events):
No events

Classes redefined (0 events):
No events

Internal exceptions (0 events):
No events

Events (0 events):
No events


Dynamic libraries:
0x00007ff7533c0000 - 0x00007ff7533cf000 	C:\Program Files\Java\jdk-13.0.1\bin\java.exe
0x00007ffaefbf0000 - 0x00007ffaefdd1000 	C:\WINDOWS\SYSTEM32\ntdll.dll
0x00007ffaede00000 - 0x00007ffaedeb1000 	C:\WINDOWS\System32\KERNEL32.DLL
0x00007ffaecb20000 - 0x00007ffaecd93000 	C:\WINDOWS\System32\KERNELBASE.dll
0x00007ffaec930000 - 0x00007ffaeca28000 	C:\WINDOWS\System32\ucrtbase.dll
0x00007ffae71d0000 - 0x00007ffae71e5000 	C:\Program Files\Java\jdk-13.0.1\bin\VCRUNTIME140.dll
0x00007ffae7290000 - 0x00007ffae72a8000 	C:\Program Files\Java\jdk-13.0.1\bin\jli.dll
0x00007ffaed1c0000 - 0x00007ffaed261000 	C:\WINDOWS\System32\ADVAPI32.dll
0x00007ffaed640000 - 0x00007ffaed6de000 	C:\WINDOWS\System32\msvcrt.dll
0x00007ffaed060000 - 0x00007ffaed0bb000 	C:\WINDOWS\System32\sechost.dll
0x00007ffaedf00000 - 0x00007ffaee024000 	C:\WINDOWS\System32\RPCRT4.dll
0x00007ffaed270000 - 0x00007ffaed401000 	C:\WINDOWS\System32\USER32.dll
0x00007ffaed040000 - 0x00007ffaed060000 	C:\WINDOWS\System32\win32u.dll
0x00007ffaee4a0000 - 0x00007ffaee4c8000 	C:\WINDOWS\System32\GDI32.dll
0x00007ffadd140000 - 0x00007ffadd3a9000 	C:\WINDOWS\WinSxS\amd64_microsoft.windows.common-controls_6595b64144ccf1df_6.0.17134.1130_none_d3ff42617c90becf\COMCTL32.dll
0x00007ffaebfa0000 - 0x00007ffaec131000 	C:\WINDOWS\System32\gdi32full.dll
0x00007ffaee170000 - 0x00007ffaee491000 	C:\WINDOWS\System32\combase.dll
0x00007ffaeca30000 - 0x00007ffaecacf000 	C:\WINDOWS\System32\msvcp_win.dll
0x00007ffaec8b0000 - 0x00007ffaec929000 	C:\WINDOWS\System32\bcryptPrimitives.dll
0x00007ffae6e30000 - 0x00007ffae6e3a000 	C:\WINDOWS\SYSTEM32\VERSION.dll
0x00007ffaedec0000 - 0x00007ffaedeed000 	C:\WINDOWS\System32\IMM32.DLL
0x00007ffad5800000 - 0x00007ffad589b000 	C:\Program Files\Java\jdk-13.0.1\bin\msvcp140.dll
0x00007ffaa4140000 - 0x00007ffaa4ca6000 	C:\Program Files\Java\jdk-13.0.1\bin\server\jvm.dll
0x00007ffaed1b0000 - 0x00007ffaed1b8000 	C:\WINDOWS\System32\PSAPI.DLL
0x00007ffaeab10000 - 0x00007ffaeab19000 	C:\WINDOWS\SYSTEM32\WSOCK32.dll
0x00007ffae7b60000 - 0x00007ffae7b83000 	C:\WINDOWS\SYSTEM32\WINMM.dll
0x00007ffaedb40000 - 0x00007ffaedbac000 	C:\WINDOWS\System32\WS2_32.dll
0x00007ffae7680000 - 0x00007ffae76aa000 	C:\WINDOWS\SYSTEM32\WINMMBASE.dll
0x00007ffaecad0000 - 0x00007ffaecb19000 	C:\WINDOWS\System32\cfgmgr32.dll
0x00007ffaebee0000 - 0x00007ffaebef1000 	C:\WINDOWS\System32\kernel.appcore.dll
0x00007ffae7130000 - 0x00007ffae7140000 	C:\Program Files\Java\jdk-13.0.1\bin\verify.dll
0x00007ffaea8d0000 - 0x00007ffaeaa99000 	C:\WINDOWS\SYSTEM32\DBGHELP.DLL
0x00007ffae66a0000 - 0x00007ffae66c9000 	C:\WINDOWS\SYSTEM32\dbgcore.DLL
0x00007ffadf530000 - 0x00007ffadf556000 	C:\Program Files\Java\jdk-13.0.1\bin\java.dll

dbghelp: loaded successfully - version: 4.0.5 - missing functions: none
symbol engine: initialized successfully - sym options: 0x614 - pdb path: .;C:\Program Files\Java\jdk-13.0.1\bin;C:\WINDOWS\SYSTEM32;C:\WINDOWS\WinSxS\amd64_microsoft.windows.common-controls_6595b64144ccf1df_6.0.17134.1130_none_d3ff42617c90becf;C:\Program Files\Java\jdk-13.0.1\bin\server

VM Arguments:
jvm_args: -Dfile.encoding=UTF-8 
java_command: com.thoughtworks.gauge.GaugeRuntime
java_class_path (initial): C:\Program Files\Java\jdk-13.0.1!\java.base;C:\Program Files\Java\jdk-13.0.1!\java.compiler;C:\Program Files\Java\jdk-13.0.1!\java.datatransfer;C:\Program Files\Java\jdk-13.0.1!\java.desktop;C:\Program Files\Java\jdk-13.0.1!\java.instrument;C:\Program Files\Java\jdk-13.0.1!\java.logging;C:\Program Files\Java\jdk-13.0.1!\java.management;C:\Program Files\Java\jdk-13.0.1!\java.management.rmi;C:\Program Files\Java\jdk-13.0.1!\java.naming;C:\Program Files\Java\jdk-13.0.1!\java.net.http;C:\Program Files\Java\jdk-13.0.1!\java.prefs;C:\Program Files\Java\jdk-13.0.1!\java.rmi;C:\Program Files\Java\jdk-13.0.1!\java.scripting;C:\Program Files\Java\jdk-13.0.1!\java.se;C:\Program Files\Java\jdk-13.0.1!\java.security.jgss;C:\Program Files\Java\jdk-13.0.1!\java.security.sasl;C:\Program Files\Java\jdk-13.0.1!\java.smartcardio;C:\Program Files\Java\jdk-13.0.1!\java.sql;C:\Program Files\Java\jdk-13.0.1!\java.sql.rowset;C:\Program Files\Java\jdk-13.0.1!\java.transaction.xa;C:\Program Files\Java\jdk-13.0.1!\java.xml;C:\Program Files\Java\jdk-13.0.1!\java.xml.crypto;C:\Program Files\Java\jdk-13.0.1!\jdk.accessibility;C:\Program Files\Java\jdk-13.0.1!\jdk.aot;C:\Program Files\Java\jdk-13.0.1!\jdk.attach;C:\Program Files\Java\jdk-13.0.1!\jdk.charsets;C:\Program Files\Java\jdk-13.0.1!\jdk.compiler;C:\Program Files\Java\jdk-13.0.1!\jdk.crypto.cryptoki;C:\Program Files\Java\jdk-13.0.1!\jdk.crypto.ec;C:\Program Files\Java\jdk-13.0.1!\jdk.crypto.mscapi;C:\Program Files\Java\jdk-13.0.1!\jdk.dynalink;C:\Program Files\Java\jdk-13.0.1!\jdk.editpad;C:\Program Files\Java\jdk-13.0.1!\jdk.hotspot.agent;C:\Program Files\Java\jdk-13.0.1!\jdk.httpserver;C:\Program Files\Java\jdk-13.0.1!\jdk.internal.ed;C:\Program Files\Java\jdk-13.0.1!\jdk.internal.jvmstat;C:\Program Files\Java\jdk-13.0.1!\jdk.internal.le;C:\Program Files\Java\jdk-13.0.1!\jdk.internal.opt;C:\Program Files\Java\jdk-13.0.1!\jdk.internal.vm.ci;C:\Program Files\Java\jdk-13.0.1!\jdk.internal.vm.compiler;C:\Program
Launcher Type: SUN_STANDARD

[Global flags]
     uint G1ConcRefinementThreads                  = 8                                         {product} {ergonomic}
    uintx GCDrainStackTargetSize                   = 64                                        {product} {ergonomic}
   size_t InitialHeapSize                          = 266772416                                 {product} {ergonomic}
   size_t MaxHeapSize                              = 4268358656                                {product} {ergonomic}
   size_t MinHeapSize                              = 6815736                                   {product} {ergonomic}
    uintx ReservedCodeCacheSize                    = 251658240                              {pd product} {ergonomic}
     bool SegmentedCodeCache                       = true                                      {product} {ergonomic}
     bool UseCompressedClassPointers               = true                                 {lp64_product} {ergonomic}
     bool UseCompressedOops                        = true                                 {lp64_product} {ergonomic}
     bool UseG1GC                                  = true                                      {product} {ergonomic}
     bool UseLargePagesIndividualAllocation        = false                                  {pd product} {ergonomic}

Logging:
Log output configuration:
 #0: stdout all=warning uptime,level,tags
 #1: stderr all=off uptime,level,tags

Environment Variables:
JAVA_HOME=C:\Program Files\Java\jdk-13.0.1
CLASSPATH=C:\Program Files\Java\jdk-13.0.1!\java.base;C:\Program Files\Java\jdk-13.0.1!\java.compiler;C:\Program Files\Java\jdk-13.0.1!\java.datatransfer;C:\Program Files\Java\jdk-13.0.1!\java.desktop;C:\Program Files\Java\jdk-13.0.1!\java.instrument;C:\Program Files\Java\jdk-13.0.1!\java.logging;C:\Program Files\Java\jdk-13.0.1!\java.management;C:\Program Files\Java\jdk-13.0.1!\java.management.rmi;C:\Program Files\Java\jdk-13.0.1!\java.naming;C:\Program Files\Java\jdk-13.0.1!\java.net.http;C:\Program Files\Java\jdk-13.0.1!\java.prefs;C:\Program Files\Java\jdk-13.0.1!\java.rmi;C:\Program Files\Java\jdk-13.0.1!\java.scripting;C:\Program Files\Java\jdk-13.0.1!\java.se;C:\Program Files\Java\jdk-13.0.1!\java.security.jgss;C:\Program Files\Java\jdk-13.0.1!\java.security.sasl;C:\Program Files\Java\jdk-13.0.1!\java.smartcardio;C:\Program Files\Java\jdk-13.0.1!\java.sql;C:\Program Files\Java\jdk-13.0.1!\java.sql.rowset;C:\Program Files\Java\jdk-13.0.1!\java.transaction.xa;C:\Program Files\Java\jdk-13.0.1!\java.xml;C:\Program Files\Java\jdk-13.0.1!\java.xml.crypto;C:\Program Files\Java\jdk-13.0.1!\jdk.accessibility;C:\Program Files\Java\jdk-13.0.1!\jdk.aot;C:\Program Files\Java\jdk-13.0.1!\jdk.attach;C:\Program Files\Java\jdk-13.0.1!\jdk.charsets;C:\Program Files\Java\jdk-13.0.1!\jdk.compiler;C:\Program Files\Java\jdk-13.0.1!\jdk.crypto.cryptoki;C:\Program Files\Java\jdk-13.0.1!\jdk.crypto.ec;C:\Program Files\Java\jdk-13.0.1!\jdk.crypto.mscapi;C:\Program Files\Java\jdk-13.0.1!\jdk.dynalink;C:\Program Files\Java\jdk-13.0.1!\jdk.editpad;C:\Program Files\Java\jdk-13.0.1!\jdk.hotspot.agent;C:\Program Files\Java\jdk-13.0.1!\jdk.httpserver;C:\Program Files\Java\jdk-13.0.1!\jdk.internal.ed;C:\Program Files\Java\jdk-13.0.1!\jdk.internal.jvmstat;C:\Program Files\Java\jdk-13.0.1!\jdk.internal.le;C:\Program Files\Java\jdk-13.0.1!\jdk.internal.opt;C:\Program Files\Java\jdk-13.0.1!\jdk.internal.vm.ci;C:\Program Files\Java\jdk-13.0.1!\jdk.internal.vm.compiler;C:\Program Files\Java\jdk-13.0.1!\jdk
PATH=C:\Python27\;C:\Python27\Scripts;C:\ProgramData\Oracle\Java\javapath;C:\Program Files (x86)\Intel\iCLS Client\;C:\Program Files\Intel\iCLS Client\;C:\Windows\system32;C:\Windows;C:\Windows\System32\Wbem;C:\Windows\System32\WindowsPowerShell\v1.0\;C:\Program Files (x86)\NVIDIA Corporation\PhysX\Common;C:\Program Files (x86)\Intel\Intel(R) Management Engine Components\DAL;C:\Program Files\Intel\Intel(R) Management Engine Components\DAL;C:\Program Files (x86)\Intel\Intel(R) Management Engine Components\IPT;C:\Program Files\Intel\Intel(R) Management Engine Components\IPT;C:\Program Files\Git\cmd;C:\Program Files\PuTTY\;C:\WINDOWS\system32;C:\WINDOWS;C:\WINDOWS\System32\Wbem;C:\WINDOWS\System32\WindowsPowerShell\v1.0\;C:\WINDOWS\System32\OpenSSH\;C:\Program Files\Java\jdk-13.0.1\bin;C:\Program Files\Java\jre1.8.0_231\bin;C:\Program Files\nodejs\;C:\ProgramData\chocolatey\bin;C:\Users\sumeyra\IdeaProjects\TestAutomationHepsiburada\bin;C:\Users\sumeyra\AppData\Local\atom\bin;C:\Users\sumeyra\AppData\Local\Microsoft\WindowsApps;C:\Users\sumeyra\AppData\Local\Programs\Microsoft VS Code\bin;C:\Users\sumeyra\AppData\Roaming\npm;C:\Users\sumeyra\AppData\Roaming\gauge\plugins\screenshot\0.0.1
USERNAME=sumeyra
OS=Windows_NT
PROCESSOR_IDENTIFIER=Intel64 Family 6 Model 94 Stepping 3, GenuineIntel



---------------  S Y S T E M  ---------------

OS: Windows 10 , 64 bit Build 17134 (10.0.17134.753)

CPU:total 8 (initial active 8) 

Memory: 4k page, system-wide physical 16282M (9098M free)
TotalPageFile size 18714M (AvailPageFile size 8625M)
current process WorkingSet (physical memory assigned to process): 8M, peak: 8M
current process commit charge ("private bytes"): 3M, peak: 3M

vm_info: Java HotSpot(TM) 64-Bit Server VM (13.0.1+9) for windows-amd64 JRE (13.0.1+9), built on Oct  6 2019 12:37:49 by "mach5one" with unknown MS VC++:1916

END.
